Using pre-set license
Built from '2021.3/staging' branch; Version is '2021.3.24f1 (cf10dcf7010d) revision 13570268'; Using compiler version '192829333'; Build Type 'Release'
OS: 'Windows 10  (10.0.19045) 64bit Professional' Language: 'ru' Physical Memory: 12162 MB
BatchMode: 1, IsHumanControllingUs: 0, StartBugReporterOnCrash: 0, Is64bit: 1, IsPro: 1

COMMAND LINE ARGUMENTS:
C:\Program Files\Unity\Hub\Editor\2021.3.24f1\Editor\Unity.exe
-adb2
-batchMode
-noUpm
-name
AssetImportWorker0
-projectPath
C:/Users/Anim/Lab6
-logFile
Logs/AssetImportWorker0.log
-srvPort
58095
Successfully changed project path to: C:/Users/Anim/Lab6
C:/Users/Anim/Lab6
[UnityMemory] Configuration Parameters - Can be set up in boot.config
    "memorysetup-bucket-allocator-granularity=16"
    "memorysetup-bucket-allocator-bucket-count=8"
    "memorysetup-bucket-allocator-block-size=33554432"
    "memorysetup-bucket-allocator-block-count=8"
    "memorysetup-main-allocator-block-size=16777216"
    "memorysetup-thread-allocator-block-size=16777216"
    "memorysetup-gfx-main-allocator-block-size=16777216"
    "memorysetup-gfx-thread-allocator-block-size=16777216"
    "memorysetup-cache-allocator-block-size=4194304"
    "memorysetup-typetree-allocator-block-size=2097152"
    "memorysetup-profiler-bucket-allocator-granularity=16"
    "memorysetup-profiler-bucket-allocator-bucket-count=8"
    "memorysetup-profiler-bucket-allocator-block-size=33554432"
    "memorysetup-profiler-bucket-allocator-block-count=8"
    "memorysetup-profiler-allocator-block-size=16777216"
    "memorysetup-profiler-editor-allocator-block-size=1048576"
    "memorysetup-temp-allocator-size-main=16777216"
    "memorysetup-job-temp-allocator-block-size=2097152"
    "memorysetup-job-temp-allocator-block-size-background=1048576"
    "memorysetup-job-temp-allocator-reduction-small-platforms=262144"
    "memorysetup-temp-allocator-size-background-worker=32768"
    "memorysetup-temp-allocator-size-job-worker=262144"
    "memorysetup-temp-allocator-size-preload-manager=33554432"
    "memorysetup-temp-allocator-size-nav-mesh-worker=65536"
    "memorysetup-temp-allocator-size-audio-worker=65536"
    "memorysetup-temp-allocator-size-cloud-worker=32768"
    "memorysetup-temp-allocator-size-gi-baking-worker=262144"
    "memorysetup-temp-allocator-size-gfx=262144"
Player connection [16796] Host "[IP] 192.168.56.1 [Port] 0 [Flags] 2 [Guid] 1308456105 [EditorId] 1308456105 [Version] 1048832 [Id] WindowsEditor(7,DESKTOP-0DPPOHG) [Debug] 1 [PackageName] WindowsEditor [ProjectName] Editor" joined multi-casting on [225.0.0.222:54997]...

Player connection [16796] Host "[IP] 192.168.56.1 [Port] 0 [Flags] 2 [Guid] 1308456105 [EditorId] 1308456105 [Version] 1048832 [Id] WindowsEditor(7,DESKTOP-0DPPOHG) [Debug] 1 [PackageName] WindowsEditor [ProjectName] Editor" joined alternative multi-casting on [225.0.0.222:34997]...

Refreshing native plugins compatible for Editor in 103.24 ms, found 3 plugins.
Preloading 0 native plugins for Editor in 0.00 ms.
Initialize engine version: 2021.3.24f1 (cf10dcf7010d)
[Subsystems] Discovering subsystems at path C:/Program Files/Unity/Hub/Editor/2021.3.24f1/Editor/Data/Resources/UnitySubsystems
[Subsystems] Discovering subsystems at path C:/Users/Anim/Lab6/Assets
GfxDevice: creating device client; threaded=0; jobified=0
Direct3D:
    Version:  Direct3D 11.0 [level 11.1]
    Renderer: NVIDIA GeForce GTX 1050 (ID=0x1c8d)
    Vendor:   NVIDIA
    VRAM:     4020 MB
    Driver:   31.0.15.3179
Initialize mono
Mono path[0] = 'C:/Program Files/Unity/Hub/Editor/2021.3.24f1/Editor/Data/Managed'
Mono path[1] = 'C:/Program Files/Unity/Hub/Editor/2021.3.24f1/Editor/Data/MonoBleedingEdge/lib/mono/unityjit-win32'
Mono config path = 'C:/Program Files/Unity/Hub/Editor/2021.3.24f1/Editor/Data/MonoBleedingEdge/etc'
Using monoOptions --debugger-agent=transport=dt_socket,embedding=1,server=y,suspend=n,address=127.0.0.1:56676
Begin MonoManager ReloadAssembly
Registering precompiled unity dll's ...
Register platform support module: C:/Program Files/Unity/Hub/Editor/2021.3.24f1/Editor/Data/PlaybackEngines/AndroidPlayer/UnityEditor.Android.Extensions.dll
Register platform support module: C:/Program Files/Unity/Hub/Editor/2021.3.24f1/Editor/Data/PlaybackEngines/WindowsStandaloneSupport/UnityEditor.WindowsStandalone.Extensions.dll
Registered in 0.009007 seconds.
Native extension for WindowsStandalone target not found
Native extension for Android target not found
Android Extension - Scanning For ADB Devices 380 ms
Refreshing native plugins compatible for Editor in 150.65 ms, found 3 plugins.
Preloading 0 native plugins for Editor in 0.00 ms.
Mono: successfully reloaded assembly
- Completed reload, in  1.461 seconds
Domain Reload Profiling:
	ReloadAssembly (1462ms)
		BeginReloadAssembly (109ms)
			ExecutionOrderSort (0ms)
			DisableScriptedObjects (0ms)
			BackupInstance (0ms)
			ReleaseScriptingObjects (0ms)
			CreateAndSetChildDomain (1ms)
		EndReloadAssembly (1207ms)
			LoadAssemblies (107ms)
			RebuildTransferFunctionScriptingTraits (0ms)
			SetupTypeCache (137ms)
			ReleaseScriptCaches (0ms)
			RebuildScriptCaches (51ms)
			SetupLoadedEditorAssemblies (950ms)
				LogAssemblyErrors (0ms)
				InitializePlatformSupportModulesInManaged (533ms)
				SetLoadedEditorAssemblies (0ms)
				RefreshPlugins (151ms)
				BeforeProcessingInitializeOnLoad (2ms)
				ProcessInitializeOnLoadAttributes (174ms)
				ProcessInitializeOnLoadMethodAttributes (89ms)
				AfterProcessingInitializeOnLoad (0ms)
				EditorAssembliesLoaded (0ms)
			ExecutionOrderSort2 (0ms)
			AwakeInstancesAfterBackupRestoration (0ms)
Platform modules already initialized, skipping
Registering precompiled user dll's ...
Registered in 0.011640 seconds.
Begin MonoManager ReloadAssembly
Symbol file LoadedFromMemory doesn't match image C:\Users\Anim\Lab6\Library\PackageCache\com.unity.visualscripting@1.8.0\Editor\VisualScripting.Core\Dependencies\YamlDotNet\Unity.VisualScripting.YamlDotNet.dll
Symbol file LoadedFromMemory doesn't match image C:\Users\Anim\Lab6\Library\PackageCache\com.unity.visualscripting@1.8.0\Editor\VisualScripting.Core\Dependencies\DotNetZip\Unity.VisualScripting.IonicZip.dll
Native extension for WindowsStandalone target not found
Native extension for Android target not found
Refreshing native plugins compatible for Editor in 0.64 ms, found 3 plugins.
Preloading 0 native plugins for Editor in 0.00 ms.
Mono: successfully reloaded assembly
- Completed reload, in  1.406 seconds
Domain Reload Profiling:
	ReloadAssembly (1407ms)
		BeginReloadAssembly (232ms)
			ExecutionOrderSort (0ms)
			DisableScriptedObjects (10ms)
			BackupInstance (0ms)
			ReleaseScriptingObjects (0ms)
			CreateAndSetChildDomain (33ms)
		EndReloadAssembly (1007ms)
			LoadAssemblies (166ms)
			RebuildTransferFunctionScriptingTraits (0ms)
			SetupTypeCache (349ms)
			ReleaseScriptCaches (1ms)
			RebuildScriptCaches (67ms)
			SetupLoadedEditorAssemblies (426ms)
				LogAssemblyErrors (0ms)
				InitializePlatformSupportModulesInManaged (20ms)
				SetLoadedEditorAssemblies (1ms)
				RefreshPlugins (1ms)
				BeforeProcessingInitializeOnLoad (98ms)
				ProcessInitializeOnLoadAttributes (270ms)
				ProcessInitializeOnLoadMethodAttributes (24ms)
				AfterProcessingInitializeOnLoad (11ms)
				EditorAssembliesLoaded (0ms)
			ExecutionOrderSort2 (0ms)
			AwakeInstancesAfterBackupRestoration (8ms)
Platform modules already initialized, skipping
========================================================================
Worker process is ready to serve import requests
Launched and connected shader compiler UnityShaderCompiler.exe after 0.07 seconds
Refreshing native plugins compatible for Editor in 1.04 ms, found 3 plugins.
Preloading 0 native plugins for Editor in 0.00 ms.
Unloading 3208 Unused Serialized files (Serialized files now loaded: 0)
Unloading 36 unused Assets / (1.3 MB). Loaded Objects now: 3672.
Memory consumption went from 197.9 MB to 196.6 MB.
Total: 6.512900 ms (FindLiveObjects: 0.601900 ms CreateObjectMapping: 0.433800 ms MarkObjects: 5.002900 ms  DeleteObjects: 0.472900 ms)

AssetImportParameters requested are different than current active one (requested -> active):
  custom:video-decoder-ogg-theora: a1e56fd34408186e4bbccfd4996cb3dc -> 
  custom:container-muxer-webm: aa71ff27fc2769a1b78a27578f13a17b -> 
  custom:container-demuxer-webm: 4f35f7cbe854078d1ac9338744f61a02 -> 
  custom:video-encoder-webm-vp8: eb34c28f22e8b96e1ab97ce403110664 -> 
  custom:audio-encoder-webm-vorbis: bf7c407c2cedff20999df2af8eb42d56 -> 
  custom:framework-win-MediaFoundation: 216162199b28c13a410421893ffa2e32 -> 
  custom:container-demuxer-ogg: 62fdf1f143b41e24485cea50d1cbac27 -> 
  custom:video-decoder-webm-vp8: 9c59270c3fd7afecdb556c50c9e8de78 -> 
  custom:audio-decoder-ogg-vorbis: bf7c407c2cedff20999df2af8eb42d56 -> 
========================================================================
Received Import Request.
  Time since last request: 745118.056699 seconds.
  path: Assets/SiuniaevCharacters
  artifactKey: Guid(ca371c6bd3a9a8d4dbaf75576446a265) Importer(815301076,1909f56bfc062723c751e8b465ee728b)
Start importing Assets/SiuniaevCharacters using Guid(ca371c6bd3a9a8d4dbaf75576446a265) Importer(815301076,1909f56bfc062723c751e8b465ee728b)  -> (artifact id: '2cb4730638e0a9bc2f12ae3db75af4e4') in 0.024407 seconds 
========================================================================
Received Prepare
Registering precompiled user dll's ...
Registered in 0.010868 seconds.
Begin MonoManager ReloadAssembly
Symbol file LoadedFromMemory doesn't match image C:\Users\Anim\Lab6\Library\PackageCache\com.unity.visualscripting@1.8.0\Editor\VisualScripting.Core\Dependencies\YamlDotNet\Unity.VisualScripting.YamlDotNet.dll
Symbol file LoadedFromMemory doesn't match image C:\Users\Anim\Lab6\Library\PackageCache\com.unity.visualscripting@1.8.0\Editor\VisualScripting.Core\Dependencies\DotNetZip\Unity.VisualScripting.IonicZip.dll
Native extension for WindowsStandalone target not found
Native extension for Android target not found
Refreshing native plugins compatible for Editor in 0.85 ms, found 3 plugins.
Preloading 0 native plugins for Editor in 0.00 ms.
Mono: successfully reloaded assembly
- Completed reload, in  1.745 seconds
Domain Reload Profiling:
	ReloadAssembly (1746ms)
		BeginReloadAssembly (242ms)
			ExecutionOrderSort (0ms)
			DisableScriptedObjects (13ms)
			BackupInstance (0ms)
			ReleaseScriptingObjects (0ms)
			CreateAndSetChildDomain (52ms)
		EndReloadAssembly (1249ms)
			LoadAssemblies (177ms)
			RebuildTransferFunctionScriptingTraits (0ms)
			SetupTypeCache (517ms)
			ReleaseScriptCaches (1ms)
			RebuildScriptCaches (64ms)
			SetupLoadedEditorAssemblies (432ms)
				LogAssemblyErrors (0ms)
				InitializePlatformSupportModulesInManaged (27ms)
				SetLoadedEditorAssemblies (1ms)
				RefreshPlugins (1ms)
				BeforeProcessingInitializeOnLoad (93ms)
				ProcessInitializeOnLoadAttributes (268ms)
				ProcessInitializeOnLoadMethodAttributes (30ms)
				AfterProcessingInitializeOnLoad (13ms)
				EditorAssembliesLoaded (0ms)
			ExecutionOrderSort2 (0ms)
			AwakeInstancesAfterBackupRestoration (9ms)
Platform modules already initialized, skipping
Refreshing native plugins compatible for Editor in 2.67 ms, found 3 plugins.
Preloading 0 native plugins for Editor in 0.00 ms.
Unloading 3157 Unused Serialized files (Serialized files now loaded: 0)
Unloading 31 unused Assets / (1.3 MB). Loaded Objects now: 3673.
Memory consumption went from 193.2 MB to 191.9 MB.
Total: 5.700900 ms (FindLiveObjects: 0.324900 ms CreateObjectMapping: 0.189400 ms MarkObjects: 4.699300 ms  DeleteObjects: 0.485800 ms)

AssetImportParameters requested are different than current active one (requested -> active):
  custom:video-decoder-ogg-theora: a1e56fd34408186e4bbccfd4996cb3dc -> 
  custom:container-muxer-webm: aa71ff27fc2769a1b78a27578f13a17b -> 
  custom:container-demuxer-webm: 4f35f7cbe854078d1ac9338744f61a02 -> 
  custom:video-encoder-webm-vp8: eb34c28f22e8b96e1ab97ce403110664 -> 
  custom:audio-encoder-webm-vorbis: bf7c407c2cedff20999df2af8eb42d56 -> 
  custom:framework-win-MediaFoundation: 216162199b28c13a410421893ffa2e32 -> 
  custom:container-demuxer-ogg: 62fdf1f143b41e24485cea50d1cbac27 -> 
  custom:video-decoder-webm-vp8: 9c59270c3fd7afecdb556c50c9e8de78 -> 
  custom:audio-decoder-ogg-vorbis: bf7c407c2cedff20999df2af8eb42d56 -> 
========================================================================
Received Import Request.
  Time since last request: 40.086980 seconds.
  path: Assets/Scenes/Models
  artifactKey: Guid(173e1cae104f99f43af6fa814f8707f0) Importer(815301076,1909f56bfc062723c751e8b465ee728b)
Start importing Assets/Scenes/Models using Guid(173e1cae104f99f43af6fa814f8707f0) Importer(815301076,1909f56bfc062723c751e8b465ee728b)  -> (artifact id: 'c03d98b99ac0857141836b130f3bffca') in 0.018720 seconds 
========================================================================
Received Import Request.
  Time since last request: 1.309394 seconds.
  path: Assets/Scenes/Models/Base
  artifactKey: Guid(7c84d1a1f08382f4288635c03c512a22) Importer(815301076,1909f56bfc062723c751e8b465ee728b)
Start importing Assets/Scenes/Models/Base using Guid(7c84d1a1f08382f4288635c03c512a22) Importer(815301076,1909f56bfc062723c751e8b465ee728b)  -> (artifact id: 'fe28c179cb3f2791e01c697b66446972') in 0.012173 seconds 
========================================================================
Received Import Request.
  Time since last request: 0.045444 seconds.
  path: Assets/Scenes/Models/Base/RampDown.fbx
  artifactKey: Guid(f44b513ee90f7b0479ec4a5f05f2f470) Importer(815301076,1909f56bfc062723c751e8b465ee728b)
Start importing Assets/Scenes/Models/Base/RampDown.fbx using Guid(f44b513ee90f7b0479ec4a5f05f2f470) Importer(815301076,1909f56bfc062723c751e8b465ee728b)  -> (artifact id: '24916778a29d05e1148d369ca5e17628') in 0.480240 seconds 
========================================================================
Received Import Request.
  Time since last request: 0.000041 seconds.
  path: Assets/Scenes/Models/Base/TurnL.fbx
  artifactKey: Guid(71315966d34359245be868c72edbcdbf) Importer(815301076,1909f56bfc062723c751e8b465ee728b)
Start importing Assets/Scenes/Models/Base/TurnL.fbx using Guid(71315966d34359245be868c72edbcdbf) Importer(815301076,1909f56bfc062723c751e8b465ee728b)  -> (artifact id: 'f1108c810cba921e9295bbe28123c368') in 0.039490 seconds 
========================================================================
Received Import Request.
  Time since last request: 0.000037 seconds.
  path: Assets/Scenes/Models/Base/Turn3.fbx
  artifactKey: Guid(eb2ea1a75e57bab49bde503d56d1fb57) Importer(815301076,1909f56bfc062723c751e8b465ee728b)
Start importing Assets/Scenes/Models/Base/Turn3.fbx using Guid(eb2ea1a75e57bab49bde503d56d1fb57) Importer(815301076,1909f56bfc062723c751e8b465ee728b)  -> (artifact id: '3ec4914008db93f01d14992ef6a33a35') in 0.039427 seconds 
========================================================================
Received Import Request.
  Time since last request: 0.000059 seconds.
  path: Assets/Scenes/Models/Base/Tunnel1.fbx
  artifactKey: Guid(13d74bf313f3b0442b7c6d42aba01109) Importer(815301076,1909f56bfc062723c751e8b465ee728b)
Start importing Assets/Scenes/Models/Base/Tunnel1.fbx using Guid(13d74bf313f3b0442b7c6d42aba01109) Importer(815301076,1909f56bfc062723c751e8b465ee728b)  -> (artifact id: '5d6cea124f8efd4c5614ed23c826c181') in 0.038052 seconds 
========================================================================
Received Import Request.
  Time since last request: 2.255900 seconds.
  path: Assets/Scenes/Models/Props
  artifactKey: Guid(1de8d3c2151240c4599fd1f19354fa8c) Importer(815301076,1909f56bfc062723c751e8b465ee728b)
Start importing Assets/Scenes/Models/Props using Guid(1de8d3c2151240c4599fd1f19354fa8c) Importer(815301076,1909f56bfc062723c751e8b465ee728b)  -> (artifact id: 'e76982821ff290366cb7cf9853b3fe49') in 0.011162 seconds 
========================================================================
Received Import Request.
  Time since last request: 0.035610 seconds.
  path: Assets/Scenes/Models/Props/Crate.fbx
  artifactKey: Guid(b4e7b1ac708164c45825829784b8272e) Importer(815301076,1909f56bfc062723c751e8b465ee728b)
Start importing Assets/Scenes/Models/Props/Crate.fbx using Guid(b4e7b1ac708164c45825829784b8272e) Importer(815301076,1909f56bfc062723c751e8b465ee728b)  -> (artifact id: 'ad31e9e78f2ac92177b32bef341065dd') in 0.032025 seconds 
========================================================================
Received Import Request.
  Time since last request: 0.000060 seconds.
  path: Assets/Scenes/Models/Props/Support2.fbx
  artifactKey: Guid(af9e191711f532d40bdb476543a5cf34) Importer(815301076,1909f56bfc062723c751e8b465ee728b)
Start importing Assets/Scenes/Models/Props/Support2.fbx using Guid(af9e191711f532d40bdb476543a5cf34) Importer(815301076,1909f56bfc062723c751e8b465ee728b)  -> (artifact id: '75f1118e749a28d7a9de2c617b207a66') in 0.044428 seconds 
========================================================================
Received Import Request.
  Time since last request: 0.000039 seconds.
  path: Assets/Scenes/Models/Props/Pickaxe.fbx
  artifactKey: Guid(5ea2af9000d6f9742b76c15c01e501d2) Importer(815301076,1909f56bfc062723c751e8b465ee728b)
Start importing Assets/Scenes/Models/Props/Pickaxe.fbx using Guid(5ea2af9000d6f9742b76c15c01e501d2) Importer(815301076,1909f56bfc062723c751e8b465ee728b)  -> (artifact id: 'f5ca2d0b63cb2778663071ea3f59446d') in 0.040947 seconds 
========================================================================
Received Import Request.
  Time since last request: 0.000037 seconds.
  path: Assets/Scenes/Models/Props/Lantern.fbx
  artifactKey: Guid(723db2f7e23077245bdb54a5fc447aef) Importer(815301076,1909f56bfc062723c751e8b465ee728b)
Start importing Assets/Scenes/Models/Props/Lantern.fbx using Guid(723db2f7e23077245bdb54a5fc447aef) Importer(815301076,1909f56bfc062723c751e8b465ee728b)  -> (artifact id: '63642f7a778a2aaa9ed086027508b346') in 0.037819 seconds 
========================================================================
Received Import Request.
  Time since last request: 2.111144 seconds.
  path: Assets/Scenes/Models/Rocks
  artifactKey: Guid(aa5bf9e2501556a45bb39fe770035acd) Importer(815301076,1909f56bfc062723c751e8b465ee728b)
Start importing Assets/Scenes/Models/Rocks using Guid(aa5bf9e2501556a45bb39fe770035acd) Importer(815301076,1909f56bfc062723c751e8b465ee728b)  -> (artifact id: '5b379a4e504b2b37400a5907ef1957aa') in 0.013114 seconds 
========================================================================
Received Import Request.
  Time since last request: 0.038713 seconds.
  path: Assets/Scenes/Models/Rocks/Ore.fbx
  artifactKey: Guid(1dd9c7de53f76c840b93b8d2f33680e9) Importer(815301076,1909f56bfc062723c751e8b465ee728b)
Start importing Assets/Scenes/Models/Rocks/Ore.fbx using Guid(1dd9c7de53f76c840b93b8d2f33680e9) Importer(815301076,1909f56bfc062723c751e8b465ee728b)  -> (artifact id: '1d042f6271a1b5d68aaf61e960be938a') in 0.047046 seconds 
========================================================================
Received Import Request.
  Time since last request: 0.000020 seconds.
  path: Assets/Scenes/Models/Rocks/Rock2.fbx
  artifactKey: Guid(d0d23ab3b131eaa49aef9c50a68a4c4e) Importer(815301076,1909f56bfc062723c751e8b465ee728b)
Start importing Assets/Scenes/Models/Rocks/Rock2.fbx using Guid(d0d23ab3b131eaa49aef9c50a68a4c4e) Importer(815301076,1909f56bfc062723c751e8b465ee728b)  -> (artifact id: '3295586f8831b609ba87f2209e6df2d5') in 0.150178 seconds 
========================================================================
Received Import Request.
  Time since last request: 514.238197 seconds.
  path: Assets/RPGPP_LT/Scene/rpgpp_lt_scene_1.0.unity
  artifactKey: Guid(d2809ab9b90eea7419d8d90d4c505d35) Importer(815301076,1909f56bfc062723c751e8b465ee728b)
Start importing Assets/RPGPP_LT/Scene/rpgpp_lt_scene_1.0.unity using Guid(d2809ab9b90eea7419d8d90d4c505d35) Importer(815301076,1909f56bfc062723c751e8b465ee728b)  -> (artifact id: '87ea02ac5c645e2d063c4e94339f4195') in 0.013441 seconds 
========================================================================
Received Prepare
Registering precompiled user dll's ...
Registered in 0.006570 seconds.
Begin MonoManager ReloadAssembly
Symbol file LoadedFromMemory doesn't match image C:\Users\Anim\Lab6\Library\PackageCache\com.unity.visualscripting@1.8.0\Editor\VisualScripting.Core\Dependencies\YamlDotNet\Unity.VisualScripting.YamlDotNet.dll
Symbol file LoadedFromMemory doesn't match image C:\Users\Anim\Lab6\Library\PackageCache\com.unity.visualscripting@1.8.0\Editor\VisualScripting.Core\Dependencies\DotNetZip\Unity.VisualScripting.IonicZip.dll
Native extension for WindowsStandalone target not found
Native extension for Android target not found
Refreshing native plugins compatible for Editor in 1.07 ms, found 3 plugins.
Preloading 0 native plugins for Editor in 0.00 ms.
Mono: successfully reloaded assembly
- Completed reload, in  2.346 seconds
Domain Reload Profiling:
	ReloadAssembly (2347ms)
		BeginReloadAssembly (374ms)
			ExecutionOrderSort (0ms)
			DisableScriptedObjects (14ms)
			BackupInstance (0ms)
			ReleaseScriptingObjects (0ms)
			CreateAndSetChildDomain (87ms)
		EndReloadAssembly (1768ms)
			LoadAssemblies (249ms)
			RebuildTransferFunctionScriptingTraits (0ms)
			SetupTypeCache (622ms)
			ReleaseScriptCaches (2ms)
			RebuildScriptCaches (103ms)
			SetupLoadedEditorAssemblies (704ms)
				LogAssemblyErrors (0ms)
				InitializePlatformSupportModulesInManaged (44ms)
				SetLoadedEditorAssemblies (1ms)
				RefreshPlugins (1ms)
				BeforeProcessingInitializeOnLoad (153ms)
				ProcessInitializeOnLoadAttributes (436ms)
				ProcessInitializeOnLoadMethodAttributes (49ms)
				AfterProcessingInitializeOnLoad (18ms)
				EditorAssembliesLoaded (0ms)
			ExecutionOrderSort2 (0ms)
			AwakeInstancesAfterBackupRestoration (16ms)
Platform modules already initialized, skipping
Refreshing native plugins compatible for Editor in 2.35 ms, found 3 plugins.
Preloading 0 native plugins for Editor in 0.00 ms.
Unloading 3157 Unused Serialized files (Serialized files now loaded: 0)
Unloading 29 unused Assets / (1.3 MB). Loaded Objects now: 3688.
Memory consumption went from 197.8 MB to 196.5 MB.
Total: 4.753700 ms (FindLiveObjects: 0.336400 ms CreateObjectMapping: 0.344500 ms MarkObjects: 3.566000 ms  DeleteObjects: 0.505100 ms)

AssetImportParameters requested are different than current active one (requested -> active):
  custom:video-decoder-ogg-theora: a1e56fd34408186e4bbccfd4996cb3dc -> 
  custom:container-muxer-webm: aa71ff27fc2769a1b78a27578f13a17b -> 
  custom:container-demuxer-webm: 4f35f7cbe854078d1ac9338744f61a02 -> 
  custom:video-encoder-webm-vp8: eb34c28f22e8b96e1ab97ce403110664 -> 
  custom:audio-encoder-webm-vorbis: bf7c407c2cedff20999df2af8eb42d56 -> 
  custom:framework-win-MediaFoundation: 216162199b28c13a410421893ffa2e32 -> 
  custom:container-demuxer-ogg: 62fdf1f143b41e24485cea50d1cbac27 -> 
  custom:video-decoder-webm-vp8: 9c59270c3fd7afecdb556c50c9e8de78 -> 
  custom:audio-decoder-ogg-vorbis: bf7c407c2cedff20999df2af8eb42d56 -> 
========================================================================
Received Prepare
Registering precompiled user dll's ...
Registered in 0.005607 seconds.
Begin MonoManager ReloadAssembly
Symbol file LoadedFromMemory doesn't match image C:\Users\Anim\Lab6\Library\PackageCache\com.unity.visualscripting@1.8.0\Editor\VisualScripting.Core\Dependencies\YamlDotNet\Unity.VisualScripting.YamlDotNet.dll
Symbol file LoadedFromMemory doesn't match image C:\Users\Anim\Lab6\Library\PackageCache\com.unity.visualscripting@1.8.0\Editor\VisualScripting.Core\Dependencies\DotNetZip\Unity.VisualScripting.IonicZip.dll
Native extension for WindowsStandalone target not found
Native extension for Android target not found
Refreshing native plugins compatible for Editor in 1.02 ms, found 3 plugins.
Preloading 0 native plugins for Editor in 0.00 ms.
Mono: successfully reloaded assembly
- Completed reload, in  2.293 seconds
Domain Reload Profiling:
	ReloadAssembly (2294ms)
		BeginReloadAssembly (279ms)
			ExecutionOrderSort (0ms)
			DisableScriptedObjects (12ms)
			BackupInstance (0ms)
			ReleaseScriptingObjects (0ms)
			CreateAndSetChildDomain (58ms)
		EndReloadAssembly (1833ms)
			LoadAssemblies (196ms)
			RebuildTransferFunctionScriptingTraits (0ms)
			SetupTypeCache (671ms)
			ReleaseScriptCaches (7ms)
			RebuildScriptCaches (122ms)
			SetupLoadedEditorAssemblies (698ms)
				LogAssemblyErrors (0ms)
				InitializePlatformSupportModulesInManaged (46ms)
				SetLoadedEditorAssemblies (1ms)
				RefreshPlugins (1ms)
				BeforeProcessingInitializeOnLoad (149ms)
				ProcessInitializeOnLoadAttributes (432ms)
				ProcessInitializeOnLoadMethodAttributes (49ms)
				AfterProcessingInitializeOnLoad (20ms)
				EditorAssembliesLoaded (0ms)
			ExecutionOrderSort2 (0ms)
			AwakeInstancesAfterBackupRestoration (17ms)
Platform modules already initialized, skipping
Refreshing native plugins compatible for Editor in 2.23 ms, found 3 plugins.
Preloading 0 native plugins for Editor in 0.00 ms.
Unloading 3157 Unused Serialized files (Serialized files now loaded: 0)
Unloading 29 unused Assets / (1.3 MB). Loaded Objects now: 3691.
Memory consumption went from 197.8 MB to 196.5 MB.
Total: 3.831300 ms (FindLiveObjects: 0.312600 ms CreateObjectMapping: 0.202200 ms MarkObjects: 2.835500 ms  DeleteObjects: 0.479900 ms)

AssetImportParameters requested are different than current active one (requested -> active):
  custom:video-decoder-ogg-theora: a1e56fd34408186e4bbccfd4996cb3dc -> 
  custom:container-muxer-webm: aa71ff27fc2769a1b78a27578f13a17b -> 
  custom:container-demuxer-webm: 4f35f7cbe854078d1ac9338744f61a02 -> 
  custom:video-encoder-webm-vp8: eb34c28f22e8b96e1ab97ce403110664 -> 
  custom:audio-encoder-webm-vorbis: bf7c407c2cedff20999df2af8eb42d56 -> 
  custom:framework-win-MediaFoundation: 216162199b28c13a410421893ffa2e32 -> 
  custom:container-demuxer-ogg: 62fdf1f143b41e24485cea50d1cbac27 -> 
  custom:video-decoder-webm-vp8: 9c59270c3fd7afecdb556c50c9e8de78 -> 
  custom:audio-decoder-ogg-vorbis: bf7c407c2cedff20999df2af8eb42d56 -> 
========================================================================
Received Prepare
Registering precompiled user dll's ...
Registered in 0.008636 seconds.
Begin MonoManager ReloadAssembly
Symbol file LoadedFromMemory doesn't match image C:\Users\Anim\Lab6\Library\PackageCache\com.unity.visualscripting@1.8.0\Editor\VisualScripting.Core\Dependencies\YamlDotNet\Unity.VisualScripting.YamlDotNet.dll
Symbol file LoadedFromMemory doesn't match image C:\Users\Anim\Lab6\Library\PackageCache\com.unity.visualscripting@1.8.0\Editor\VisualScripting.Core\Dependencies\DotNetZip\Unity.VisualScripting.IonicZip.dll
Native extension for WindowsStandalone target not found
Native extension for Android target not found
Refreshing native plugins compatible for Editor in 0.81 ms, found 3 plugins.
Preloading 0 native plugins for Editor in 0.00 ms.
Mono: successfully reloaded assembly
- Completed reload, in  2.107 seconds
Domain Reload Profiling:
	ReloadAssembly (2108ms)
		BeginReloadAssembly (425ms)
			ExecutionOrderSort (0ms)
			DisableScriptedObjects (10ms)
			BackupInstance (0ms)
			ReleaseScriptingObjects (0ms)
			CreateAndSetChildDomain (94ms)
		EndReloadAssembly (1525ms)
			LoadAssemblies (153ms)
			RebuildTransferFunctionScriptingTraits (0ms)
			SetupTypeCache (596ms)
			ReleaseScriptCaches (2ms)
			RebuildScriptCaches (79ms)
			SetupLoadedEditorAssemblies (601ms)
				LogAssemblyErrors (0ms)
				InitializePlatformSupportModulesInManaged (35ms)
				SetLoadedEditorAssemblies (1ms)
				RefreshPlugins (1ms)
				BeforeProcessingInitializeOnLoad (126ms)
				ProcessInitializeOnLoadAttributes (379ms)
				ProcessInitializeOnLoadMethodAttributes (40ms)
				AfterProcessingInitializeOnLoad (18ms)
				EditorAssembliesLoaded (0ms)
			ExecutionOrderSort2 (0ms)
			AwakeInstancesAfterBackupRestoration (14ms)
Platform modules already initialized, skipping
Refreshing native plugins compatible for Editor in 3.50 ms, found 3 plugins.
Preloading 0 native plugins for Editor in 0.00 ms.
Unloading 3157 Unused Serialized files (Serialized files now loaded: 0)
Unloading 29 unused Assets / (1.3 MB). Loaded Objects now: 3694.
Memory consumption went from 197.8 MB to 196.5 MB.
Total: 3.676400 ms (FindLiveObjects: 0.303100 ms CreateObjectMapping: 0.192100 ms MarkObjects: 2.856100 ms  DeleteObjects: 0.323700 ms)

AssetImportParameters requested are different than current active one (requested -> active):
  custom:video-decoder-ogg-theora: a1e56fd34408186e4bbccfd4996cb3dc -> 
  custom:container-muxer-webm: aa71ff27fc2769a1b78a27578f13a17b -> 
  custom:container-demuxer-webm: 4f35f7cbe854078d1ac9338744f61a02 -> 
  custom:video-encoder-webm-vp8: eb34c28f22e8b96e1ab97ce403110664 -> 
  custom:audio-encoder-webm-vorbis: bf7c407c2cedff20999df2af8eb42d56 -> 
  custom:framework-win-MediaFoundation: 216162199b28c13a410421893ffa2e32 -> 
  custom:container-demuxer-ogg: 62fdf1f143b41e24485cea50d1cbac27 -> 
  custom:video-decoder-webm-vp8: 9c59270c3fd7afecdb556c50c9e8de78 -> 
  custom:audio-decoder-ogg-vorbis: bf7c407c2cedff20999df2af8eb42d56 -> 
========================================================================
Received Prepare
Registering precompiled user dll's ...
Registered in 0.010595 seconds.
Begin MonoManager ReloadAssembly
Symbol file LoadedFromMemory doesn't match image C:\Users\Anim\Lab6\Library\PackageCache\com.unity.visualscripting@1.8.0\Editor\VisualScripting.Core\Dependencies\YamlDotNet\Unity.VisualScripting.YamlDotNet.dll
Symbol file LoadedFromMemory doesn't match image C:\Users\Anim\Lab6\Library\PackageCache\com.unity.visualscripting@1.8.0\Editor\VisualScripting.Core\Dependencies\DotNetZip\Unity.VisualScripting.IonicZip.dll
Native extension for WindowsStandalone target not found
Native extension for Android target not found
Refreshing native plugins compatible for Editor in 0.81 ms, found 3 plugins.
Preloading 0 native plugins for Editor in 0.00 ms.
Mono: successfully reloaded assembly
- Completed reload, in  1.853 seconds
Domain Reload Profiling:
	ReloadAssembly (1855ms)
		BeginReloadAssembly (248ms)
			ExecutionOrderSort (0ms)
			DisableScriptedObjects (11ms)
			BackupInstance (0ms)
			ReleaseScriptingObjects (0ms)
			CreateAndSetChildDomain (57ms)
		EndReloadAssembly (1426ms)
			LoadAssemblies (170ms)
			RebuildTransferFunctionScriptingTraits (0ms)
			SetupTypeCache (569ms)
			ReleaseScriptCaches (2ms)
			RebuildScriptCaches (77ms)
			SetupLoadedEditorAssemblies (522ms)
				LogAssemblyErrors (0ms)
				InitializePlatformSupportModulesInManaged (38ms)
				SetLoadedEditorAssemblies (1ms)
				RefreshPlugins (1ms)
				BeforeProcessingInitializeOnLoad (109ms)
				ProcessInitializeOnLoadAttributes (321ms)
				ProcessInitializeOnLoadMethodAttributes (36ms)
				AfterProcessingInitializeOnLoad (16ms)
				EditorAssembliesLoaded (0ms)
			ExecutionOrderSort2 (0ms)
			AwakeInstancesAfterBackupRestoration (12ms)
Platform modules already initialized, skipping
Refreshing native plugins compatible for Editor in 2.99 ms, found 3 plugins.
Preloading 0 native plugins for Editor in 0.00 ms.
Unloading 3157 Unused Serialized files (Serialized files now loaded: 0)
Unloading 29 unused Assets / (1.3 MB). Loaded Objects now: 3697.
Memory consumption went from 197.8 MB to 196.5 MB.
Total: 6.323000 ms (FindLiveObjects: 0.403600 ms CreateObjectMapping: 0.262700 ms MarkObjects: 5.204400 ms  DeleteObjects: 0.450700 ms)

AssetImportParameters requested are different than current active one (requested -> active):
  custom:video-decoder-ogg-theora: a1e56fd34408186e4bbccfd4996cb3dc -> 
  custom:container-muxer-webm: aa71ff27fc2769a1b78a27578f13a17b -> 
  custom:container-demuxer-webm: 4f35f7cbe854078d1ac9338744f61a02 -> 
  custom:video-encoder-webm-vp8: eb34c28f22e8b96e1ab97ce403110664 -> 
  custom:audio-encoder-webm-vorbis: bf7c407c2cedff20999df2af8eb42d56 -> 
  custom:framework-win-MediaFoundation: 216162199b28c13a410421893ffa2e32 -> 
  custom:container-demuxer-ogg: 62fdf1f143b41e24485cea50d1cbac27 -> 
  custom:video-decoder-webm-vp8: 9c59270c3fd7afecdb556c50c9e8de78 -> 
  custom:audio-decoder-ogg-vorbis: bf7c407c2cedff20999df2af8eb42d56 -> 
========================================================================
Received Prepare
Registering precompiled user dll's ...
Registered in 0.007422 seconds.
Begin MonoManager ReloadAssembly
Symbol file LoadedFromMemory doesn't match image C:\Users\Anim\Lab6\Library\PackageCache\com.unity.visualscripting@1.8.0\Editor\VisualScripting.Core\Dependencies\YamlDotNet\Unity.VisualScripting.YamlDotNet.dll
Symbol file LoadedFromMemory doesn't match image C:\Users\Anim\Lab6\Library\PackageCache\com.unity.visualscripting@1.8.0\Editor\VisualScripting.Core\Dependencies\DotNetZip\Unity.VisualScripting.IonicZip.dll
Native extension for WindowsStandalone target not found
Native extension for Android target not found
Refreshing native plugins compatible for Editor in 1.19 ms, found 3 plugins.
Preloading 0 native plugins for Editor in 0.00 ms.
Mono: successfully reloaded assembly
- Completed reload, in  1.952 seconds
Domain Reload Profiling:
	ReloadAssembly (1953ms)
		BeginReloadAssembly (189ms)
			ExecutionOrderSort (0ms)
			DisableScriptedObjects (9ms)
			BackupInstance (0ms)
			ReleaseScriptingObjects (0ms)
			CreateAndSetChildDomain (43ms)
		EndReloadAssembly (1630ms)
			LoadAssemblies (127ms)
			RebuildTransferFunctionScriptingTraits (0ms)
			SetupTypeCache (523ms)
			ReleaseScriptCaches (2ms)
			RebuildScriptCaches (100ms)
			SetupLoadedEditorAssemblies (703ms)
				LogAssemblyErrors (0ms)
				InitializePlatformSupportModulesInManaged (43ms)
				SetLoadedEditorAssemblies (1ms)
				RefreshPlugins (1ms)
				BeforeProcessingInitializeOnLoad (148ms)
				ProcessInitializeOnLoadAttributes (445ms)
				ProcessInitializeOnLoadMethodAttributes (44ms)
				AfterProcessingInitializeOnLoad (20ms)
				EditorAssembliesLoaded (0ms)
			ExecutionOrderSort2 (0ms)
			AwakeInstancesAfterBackupRestoration (13ms)
Platform modules already initialized, skipping
Refreshing native plugins compatible for Editor in 2.64 ms, found 3 plugins.
Preloading 0 native plugins for Editor in 0.00 ms.
Unloading 3157 Unused Serialized files (Serialized files now loaded: 0)
Unloading 29 unused Assets / (1.3 MB). Loaded Objects now: 3700.
Memory consumption went from 197.9 MB to 196.5 MB.
Total: 6.195200 ms (FindLiveObjects: 0.628500 ms CreateObjectMapping: 0.921700 ms MarkObjects: 4.196300 ms  DeleteObjects: 0.447300 ms)

AssetImportParameters requested are different than current active one (requested -> active):
  custom:video-decoder-ogg-theora: a1e56fd34408186e4bbccfd4996cb3dc -> 
  custom:container-muxer-webm: aa71ff27fc2769a1b78a27578f13a17b -> 
  custom:container-demuxer-webm: 4f35f7cbe854078d1ac9338744f61a02 -> 
  custom:video-encoder-webm-vp8: eb34c28f22e8b96e1ab97ce403110664 -> 
  custom:audio-encoder-webm-vorbis: bf7c407c2cedff20999df2af8eb42d56 -> 
  custom:framework-win-MediaFoundation: 216162199b28c13a410421893ffa2e32 -> 
  custom:container-demuxer-ogg: 62fdf1f143b41e24485cea50d1cbac27 -> 
  custom:video-decoder-webm-vp8: 9c59270c3fd7afecdb556c50c9e8de78 -> 
  custom:audio-decoder-ogg-vorbis: bf7c407c2cedff20999df2af8eb42d56 -> 
========================================================================
Received Import Request.
  Time since last request: 254.766820 seconds.
  path: Assets/RPGPP_LT/Scene/rpgpp_lt_scene_1.0Settings.lighting
  artifactKey: Guid(1fce58eeb88e7fe43a48c5b7ca7d40df) Importer(815301076,1909f56bfc062723c751e8b465ee728b)
Start importing Assets/RPGPP_LT/Scene/rpgpp_lt_scene_1.0Settings.lighting using Guid(1fce58eeb88e7fe43a48c5b7ca7d40df) Importer(815301076,1909f56bfc062723c751e8b465ee728b) LightingSettings: switching bake backend from 1 to 0.
 -> (artifact id: '975c3a7c42f4b9ab506df2e9cb43aa27') in 0.029896 seconds 
========================================================================
Received Prepare
Registering precompiled user dll's ...
Registered in 0.008012 seconds.
Begin MonoManager ReloadAssembly
Symbol file LoadedFromMemory doesn't match image C:\Users\Anim\Lab6\Library\PackageCache\com.unity.visualscripting@1.8.0\Editor\VisualScripting.Core\Dependencies\YamlDotNet\Unity.VisualScripting.YamlDotNet.dll
Symbol file LoadedFromMemory doesn't match image C:\Users\Anim\Lab6\Library\PackageCache\com.unity.visualscripting@1.8.0\Editor\VisualScripting.Core\Dependencies\DotNetZip\Unity.VisualScripting.IonicZip.dll
Native extension for WindowsStandalone target not found
Native extension for Android target not found
Refreshing native plugins compatible for Editor in 1.13 ms, found 3 plugins.
Preloading 0 native plugins for Editor in 0.00 ms.
Mono: successfully reloaded assembly
- Completed reload, in  2.038 seconds
Domain Reload Profiling:
	ReloadAssembly (2040ms)
		BeginReloadAssembly (270ms)
			ExecutionOrderSort (0ms)
			DisableScriptedObjects (10ms)
			BackupInstance (0ms)
			ReleaseScriptingObjects (0ms)
			CreateAndSetChildDomain (58ms)
		EndReloadAssembly (1571ms)
			LoadAssemblies (187ms)
			RebuildTransferFunctionScriptingTraits (0ms)
			SetupTypeCache (563ms)
			ReleaseScriptCaches (2ms)
			RebuildScriptCaches (88ms)
			SetupLoadedEditorAssemblies (605ms)
				LogAssemblyErrors (0ms)
				InitializePlatformSupportModulesInManaged (39ms)
				SetLoadedEditorAssemblies (1ms)
				RefreshPlugins (1ms)
				BeforeProcessingInitializeOnLoad (135ms)
				ProcessInitializeOnLoadAttributes (369ms)
				ProcessInitializeOnLoadMethodAttributes (43ms)
				AfterProcessingInitializeOnLoad (16ms)
				EditorAssembliesLoaded (0ms)
			ExecutionOrderSort2 (0ms)
			AwakeInstancesAfterBackupRestoration (12ms)
Platform modules already initialized, skipping
Refreshing native plugins compatible for Editor in 4.48 ms, found 3 plugins.
Preloading 0 native plugins for Editor in 0.00 ms.
Unloading 3157 Unused Serialized files (Serialized files now loaded: 0)
Unloading 29 unused Assets / (1.3 MB). Loaded Objects now: 3703.
Memory consumption went from 197.9 MB to 196.6 MB.
Total: 6.332600 ms (FindLiveObjects: 0.494400 ms CreateObjectMapping: 0.464400 ms MarkObjects: 4.916300 ms  DeleteObjects: 0.456200 ms)

AssetImportParameters requested are different than current active one (requested -> active):
  custom:video-decoder-ogg-theora: a1e56fd34408186e4bbccfd4996cb3dc -> 
  custom:container-muxer-webm: aa71ff27fc2769a1b78a27578f13a17b -> 
  custom:container-demuxer-webm: 4f35f7cbe854078d1ac9338744f61a02 -> 
  custom:video-encoder-webm-vp8: eb34c28f22e8b96e1ab97ce403110664 -> 
  custom:audio-encoder-webm-vorbis: bf7c407c2cedff20999df2af8eb42d56 -> 
  custom:framework-win-MediaFoundation: 216162199b28c13a410421893ffa2e32 -> 
  custom:container-demuxer-ogg: 62fdf1f143b41e24485cea50d1cbac27 -> 
  custom:video-decoder-webm-vp8: 9c59270c3fd7afecdb556c50c9e8de78 -> 
  custom:audio-decoder-ogg-vorbis: bf7c407c2cedff20999df2af8eb42d56 -> 
========================================================================
Received Prepare
Registering precompiled user dll's ...
Registered in 0.007067 seconds.
Begin MonoManager ReloadAssembly
Symbol file LoadedFromMemory doesn't match image C:\Users\Anim\Lab6\Library\PackageCache\com.unity.visualscripting@1.8.0\Editor\VisualScripting.Core\Dependencies\YamlDotNet\Unity.VisualScripting.YamlDotNet.dll
Symbol file LoadedFromMemory doesn't match image C:\Users\Anim\Lab6\Library\PackageCache\com.unity.visualscripting@1.8.0\Editor\VisualScripting.Core\Dependencies\DotNetZip\Unity.VisualScripting.IonicZip.dll
Native extension for WindowsStandalone target not found
Native extension for Android target not found
Refreshing native plugins compatible for Editor in 1.27 ms, found 3 plugins.
Preloading 0 native plugins for Editor in 0.00 ms.
Mono: successfully reloaded assembly
- Completed reload, in  1.996 seconds
Domain Reload Profiling:
	ReloadAssembly (1997ms)
		BeginReloadAssembly (257ms)
			ExecutionOrderSort (0ms)
			DisableScriptedObjects (9ms)
			BackupInstance (0ms)
			ReleaseScriptingObjects (0ms)
			CreateAndSetChildDomain (50ms)
		EndReloadAssembly (1556ms)
			LoadAssemblies (178ms)
			RebuildTransferFunctionScriptingTraits (0ms)
			SetupTypeCache (580ms)
			ReleaseScriptCaches (2ms)
			RebuildScriptCaches (87ms)
			SetupLoadedEditorAssemblies (629ms)
				LogAssemblyErrors (0ms)
				InitializePlatformSupportModulesInManaged (40ms)
				SetLoadedEditorAssemblies (1ms)
				RefreshPlugins (1ms)
				BeforeProcessingInitializeOnLoad (130ms)
				ProcessInitializeOnLoadAttributes (412ms)
				ProcessInitializeOnLoadMethodAttributes (35ms)
				AfterProcessingInitializeOnLoad (11ms)
				EditorAssembliesLoaded (0ms)
			ExecutionOrderSort2 (0ms)
			AwakeInstancesAfterBackupRestoration (9ms)
Platform modules already initialized, skipping
Refreshing native plugins compatible for Editor in 3.07 ms, found 3 plugins.
Preloading 0 native plugins for Editor in 0.00 ms.
Unloading 3157 Unused Serialized files (Serialized files now loaded: 0)
Unloading 29 unused Assets / (1.3 MB). Loaded Objects now: 3706.
Memory consumption went from 197.9 MB to 196.6 MB.
Total: 4.192700 ms (FindLiveObjects: 0.357600 ms CreateObjectMapping: 0.332700 ms MarkObjects: 3.084700 ms  DeleteObjects: 0.416300 ms)

AssetImportParameters requested are different than current active one (requested -> active):
  custom:video-decoder-ogg-theora: a1e56fd34408186e4bbccfd4996cb3dc -> 
  custom:container-muxer-webm: aa71ff27fc2769a1b78a27578f13a17b -> 
  custom:container-demuxer-webm: 4f35f7cbe854078d1ac9338744f61a02 -> 
  custom:video-encoder-webm-vp8: eb34c28f22e8b96e1ab97ce403110664 -> 
  custom:audio-encoder-webm-vorbis: bf7c407c2cedff20999df2af8eb42d56 -> 
  custom:framework-win-MediaFoundation: 216162199b28c13a410421893ffa2e32 -> 
  custom:container-demuxer-ogg: 62fdf1f143b41e24485cea50d1cbac27 -> 
  custom:video-decoder-webm-vp8: 9c59270c3fd7afecdb556c50c9e8de78 -> 
  custom:audio-decoder-ogg-vorbis: bf7c407c2cedff20999df2af8eb42d56 -> 
========================================================================
Received Prepare
Registering precompiled user dll's ...
Registered in 0.006883 seconds.
Begin MonoManager ReloadAssembly
Symbol file LoadedFromMemory doesn't match image C:\Users\Anim\Lab6\Library\PackageCache\com.unity.visualscripting@1.8.0\Editor\VisualScripting.Core\Dependencies\YamlDotNet\Unity.VisualScripting.YamlDotNet.dll
Symbol file LoadedFromMemory doesn't match image C:\Users\Anim\Lab6\Library\PackageCache\com.unity.visualscripting@1.8.0\Editor\VisualScripting.Core\Dependencies\DotNetZip\Unity.VisualScripting.IonicZip.dll
Native extension for WindowsStandalone target not found
Native extension for Android target not found
Refreshing native plugins compatible for Editor in 0.79 ms, found 3 plugins.
Preloading 0 native plugins for Editor in 0.00 ms.
Mono: successfully reloaded assembly
- Completed reload, in  1.745 seconds
Domain Reload Profiling:
	ReloadAssembly (1746ms)
		BeginReloadAssembly (260ms)
			ExecutionOrderSort (0ms)
			DisableScriptedObjects (10ms)
			BackupInstance (0ms)
			ReleaseScriptingObjects (0ms)
			CreateAndSetChildDomain (62ms)
		EndReloadAssembly (1313ms)
			LoadAssemblies (176ms)
			RebuildTransferFunctionScriptingTraits (0ms)
			SetupTypeCache (523ms)
			ReleaseScriptCaches (2ms)
			RebuildScriptCaches (77ms)
			SetupLoadedEditorAssemblies (443ms)
				LogAssemblyErrors (0ms)
				InitializePlatformSupportModulesInManaged (33ms)
				SetLoadedEditorAssemblies (1ms)
				RefreshPlugins (1ms)
				BeforeProcessingInitializeOnLoad (96ms)
				ProcessInitializeOnLoadAttributes (269ms)
				ProcessInitializeOnLoadMethodAttributes (30ms)
				AfterProcessingInitializeOnLoad (14ms)
				EditorAssembliesLoaded (0ms)
			ExecutionOrderSort2 (0ms)
			AwakeInstancesAfterBackupRestoration (10ms)
Platform modules already initialized, skipping
Refreshing native plugins compatible for Editor in 2.61 ms, found 3 plugins.
Preloading 0 native plugins for Editor in 0.00 ms.
Unloading 3158 Unused Serialized files (Serialized files now loaded: 0)
Unloading 29 unused Assets / (1.3 MB). Loaded Objects now: 3710.
Memory consumption went from 197.9 MB to 196.6 MB.
Total: 4.145000 ms (FindLiveObjects: 0.351800 ms CreateObjectMapping: 0.217500 ms MarkObjects: 3.221000 ms  DeleteObjects: 0.353800 ms)

AssetImportParameters requested are different than current active one (requested -> active):
  custom:video-decoder-ogg-theora: a1e56fd34408186e4bbccfd4996cb3dc -> 
  custom:container-muxer-webm: aa71ff27fc2769a1b78a27578f13a17b -> 
  custom:container-demuxer-webm: 4f35f7cbe854078d1ac9338744f61a02 -> 
  custom:video-encoder-webm-vp8: eb34c28f22e8b96e1ab97ce403110664 -> 
  custom:audio-encoder-webm-vorbis: bf7c407c2cedff20999df2af8eb42d56 -> 
  custom:framework-win-MediaFoundation: 216162199b28c13a410421893ffa2e32 -> 
  custom:container-demuxer-ogg: 62fdf1f143b41e24485cea50d1cbac27 -> 
  custom:video-decoder-webm-vp8: 9c59270c3fd7afecdb556c50c9e8de78 -> 
  custom:audio-decoder-ogg-vorbis: bf7c407c2cedff20999df2af8eb42d56 -> 
========================================================================
Received Import Request.
  Time since last request: 483.164918 seconds.
  path: Assets/ModularFirstPersonController/FirstPersonController/CircleReticle.png
  artifactKey: Guid(be4ce60e2c9768c44b9b10b9c5258045) Importer(815301076,1909f56bfc062723c751e8b465ee728b)
Start importing Assets/ModularFirstPersonController/FirstPersonController/CircleReticle.png using Guid(be4ce60e2c9768c44b9b10b9c5258045) Importer(815301076,1909f56bfc062723c751e8b465ee728b)  -> (artifact id: 'a667f1b29be207807cbee95ab5d9472d') in 0.094799 seconds 
========================================================================
Received Import Request.
  Time since last request: 4.449951 seconds.
  path: Assets/ModularFirstPersonController/FirstPersonController/FirstPersonController.cs
  artifactKey: Guid(d90ba6530d9bfda47abb4610956b2f44) Importer(815301076,1909f56bfc062723c751e8b465ee728b)
Start importing Assets/ModularFirstPersonController/FirstPersonController/FirstPersonController.cs using Guid(d90ba6530d9bfda47abb4610956b2f44) Importer(815301076,1909f56bfc062723c751e8b465ee728b)  -> (artifact id: '26330e603a9922ed990795cc1704306b') in 0.006770 seconds 
========================================================================
Received Import Request.
  Time since last request: 2.822648 seconds.
  path: Assets/ModularFirstPersonController/DemoScene/Demo.unity
  artifactKey: Guid(9fc0d4010bbf28b4594072e72b8655ab) Importer(815301076,1909f56bfc062723c751e8b465ee728b)
Start importing Assets/ModularFirstPersonController/DemoScene/Demo.unity using Guid(9fc0d4010bbf28b4594072e72b8655ab) Importer(815301076,1909f56bfc062723c751e8b465ee728b)  -> (artifact id: 'bb83a7254be7a93f49b30910b252ec2c') in 0.011867 seconds 
========================================================================
Received Import Request.
  Time since last request: 9.029858 seconds.
  path: Assets/ModularFirstPersonController/DemoScene/Gridbox Prototype Materials
  artifactKey: Guid(2807a3fa4a5ba6442a3fd6dc9d42c05f) Importer(815301076,1909f56bfc062723c751e8b465ee728b)
Start importing Assets/ModularFirstPersonController/DemoScene/Gridbox Prototype Materials using Guid(2807a3fa4a5ba6442a3fd6dc9d42c05f) Importer(815301076,1909f56bfc062723c751e8b465ee728b)  -> (artifact id: '76cd24e6d6ad78438f2d86f601c2afb3') in 0.011413 seconds 
========================================================================
Received Import Request.
  Time since last request: 0.674950 seconds.
  path: Assets/ModularFirstPersonController/DemoScene/Gridbox Prototype Materials/Resources
  artifactKey: Guid(8d1c710911d4cd54c940b4db8ea99a02) Importer(815301076,1909f56bfc062723c751e8b465ee728b)
Start importing Assets/ModularFirstPersonController/DemoScene/Gridbox Prototype Materials/Resources using Guid(8d1c710911d4cd54c940b4db8ea99a02) Importer(815301076,1909f56bfc062723c751e8b465ee728b)  -> (artifact id: 'c0c6020bec1ee329d0110bb8581bb63b') in 0.013017 seconds 
========================================================================
Received Import Request.
  Time since last request: 0.627994 seconds.
  path: Assets/ModularFirstPersonController/DemoScene/Gridbox Prototype Materials/Resources/Materials
  artifactKey: Guid(cab0486873751c3439bc88f33c84dea7) Importer(815301076,1909f56bfc062723c751e8b465ee728b)
Start importing Assets/ModularFirstPersonController/DemoScene/Gridbox Prototype Materials/Resources/Materials using Guid(cab0486873751c3439bc88f33c84dea7) Importer(815301076,1909f56bfc062723c751e8b465ee728b)  -> (artifact id: '903ed24fd4a110b9f78582ea3739a318') in 0.022042 seconds 
========================================================================
Received Import Request.
  Time since last request: 1.105565 seconds.
  path: Assets/ModularFirstPersonController/FirstPersonController/FirstPersonController.prefab
  artifactKey: Guid(6bacecc4f3df9584198879c73a6b6c36) Importer(815301076,1909f56bfc062723c751e8b465ee728b)
Start importing Assets/ModularFirstPersonController/FirstPersonController/FirstPersonController.prefab using Guid(6bacecc4f3df9584198879c73a6b6c36) Importer(815301076,1909f56bfc062723c751e8b465ee728b)  -> (artifact id: '67e879f6fdd644788ed0403f159aa101') in 0.043037 seconds 
========================================================================
Received Import Request.
  Time since last request: 20.414842 seconds.
  path: Assets/RPGPP_LT/FirstPersonController
  artifactKey: Guid(425aa7d43966af64c830e9780cb372a8) Importer(815301076,1909f56bfc062723c751e8b465ee728b)
Start importing Assets/RPGPP_LT/FirstPersonController using Guid(425aa7d43966af64c830e9780cb372a8) Importer(815301076,1909f56bfc062723c751e8b465ee728b)  -> (artifact id: '6ba6259050cf892425e5bcbc874affd2') in 0.003486 seconds 
========================================================================
Received Import Request.
  Time since last request: 9.516307 seconds.
  path: Assets/RPGPP_LT/Scene/rpgpp_lt_scene_1.0.unity
  artifactKey: Guid(d2809ab9b90eea7419d8d90d4c505d35) Importer(815301076,1909f56bfc062723c751e8b465ee728b)
Start importing Assets/RPGPP_LT/Scene/rpgpp_lt_scene_1.0.unity using Guid(d2809ab9b90eea7419d8d90d4c505d35) Importer(815301076,1909f56bfc062723c751e8b465ee728b)  -> (artifact id: 'b4dee9dd7f86ceea1fd80867e6dc56e5') in 0.002613 seconds 
========================================================================
Received Import Request.
  Time since last request: 88.726602 seconds.
  path: Assets/RPGPP_LT/Textures/rpgpp_lt_sky_a.tga
  artifactKey: Guid(5c4fa0e44769f8f46a06d96031e56a4e) Importer(815301076,1909f56bfc062723c751e8b465ee728b)
Start importing Assets/RPGPP_LT/Textures/rpgpp_lt_sky_a.tga using Guid(5c4fa0e44769f8f46a06d96031e56a4e) Importer(815301076,1909f56bfc062723c751e8b465ee728b)  -> (artifact id: '07114aff2a94d69a964086e642b14176') in 0.025669 seconds 
========================================================================
Received Import Request.
  Time since last request: 10.279776 seconds.
  path: Assets/RPGPP_LT/Materials/rpgpp_lt_cloud_a.mat
  artifactKey: Guid(434bfd6528d84e643ade0d2cd5c6fe1b) Importer(815301076,1909f56bfc062723c751e8b465ee728b)
Start importing Assets/RPGPP_LT/Materials/rpgpp_lt_cloud_a.mat using Guid(434bfd6528d84e643ade0d2cd5c6fe1b) Importer(815301076,1909f56bfc062723c751e8b465ee728b)  -> (artifact id: 'eaf94adc70bd7919d264b4ff5cc9309c') in 0.083458 seconds 
========================================================================
Received Import Request.
  Time since last request: 0.000022 seconds.
  path: Assets/RPGPP_LT/Materials/rpgpp_lt_sky_a.mat
  artifactKey: Guid(ff33af19770dd3e489f9c65e388009fe) Importer(815301076,1909f56bfc062723c751e8b465ee728b)
Start importing Assets/RPGPP_LT/Materials/rpgpp_lt_sky_a.mat using Guid(ff33af19770dd3e489f9c65e388009fe) Importer(815301076,1909f56bfc062723c751e8b465ee728b)  -> (artifact id: '50a3d92a64dfcae554bac34002eded0f') in 0.051391 seconds 
========================================================================
Received Import Request.
  Time since last request: 2.194933 seconds.
  path: Assets/RPGPP_LT/Models/Props
  artifactKey: Guid(c4780675555bd284c889294acc0f87d6) Importer(815301076,1909f56bfc062723c751e8b465ee728b)
Start importing Assets/RPGPP_LT/Models/Props using Guid(c4780675555bd284c889294acc0f87d6) Importer(815301076,1909f56bfc062723c751e8b465ee728b)  -> (artifact id: '146bd7f2635df0424254fca8c1357cb8') in 0.003384 seconds 
========================================================================
Received Import Request.
  Time since last request: 0.048627 seconds.
  path: Assets/RPGPP_LT/Models/Props/rpgpp_lt_banner_01a.fbx
  artifactKey: Guid(d7113c6e2a0f65c4abdb33666078052f) Importer(815301076,1909f56bfc062723c751e8b465ee728b)
Start importing Assets/RPGPP_LT/Models/Props/rpgpp_lt_banner_01a.fbx using Guid(d7113c6e2a0f65c4abdb33666078052f) Importer(815301076,1909f56bfc062723c751e8b465ee728b)  -> (artifact id: '00e60bb82678d1d61ea2889ee2f86e90') in 0.033645 seconds 
========================================================================
Received Import Request.
  Time since last request: 0.000023 seconds.
  path: Assets/RPGPP_LT/Models/Props/rpgpp_lt_barrel_01.fbx
  artifactKey: Guid(caf770415cf8b3745b977df80c57628b) Importer(815301076,1909f56bfc062723c751e8b465ee728b)
Start importing Assets/RPGPP_LT/Models/Props/rpgpp_lt_barrel_01.fbx using Guid(caf770415cf8b3745b977df80c57628b) Importer(815301076,1909f56bfc062723c751e8b465ee728b)  -> (artifact id: '2a352d7fe84a3d7c2a58b63baabc5aa8') in 0.029430 seconds 
========================================================================
Received Import Request.
  Time since last request: 0.000019 seconds.
  path: Assets/RPGPP_LT/Models/Props/rpgpp_lt_ladder_01.fbx
  artifactKey: Guid(5a5a8e9d7228e204a91c0fb79c12479b) Importer(815301076,1909f56bfc062723c751e8b465ee728b)
Start importing Assets/RPGPP_LT/Models/Props/rpgpp_lt_ladder_01.fbx using Guid(5a5a8e9d7228e204a91c0fb79c12479b) Importer(815301076,1909f56bfc062723c751e8b465ee728b)  -> (artifact id: '5f6fc320a40898f36ba0e79e9a4a0f18') in 0.030357 seconds 
========================================================================
Received Import Request.
  Time since last request: 0.000027 seconds.
  path: Assets/RPGPP_LT/Models/Props/rpgpp_lt_shield_wall_01b.fbx
  artifactKey: Guid(ea48d15a3d30c4943927bc8edcd3ff96) Importer(815301076,1909f56bfc062723c751e8b465ee728b)
Start importing Assets/RPGPP_LT/Models/Props/rpgpp_lt_shield_wall_01b.fbx using Guid(ea48d15a3d30c4943927bc8edcd3ff96) Importer(815301076,1909f56bfc062723c751e8b465ee728b)  -> (artifact id: '556767d67ef848b5dbe148ceaaaeb0e5') in 0.030638 seconds 
========================================================================
Received Import Request.
  Time since last request: 0.000024 seconds.
  path: Assets/RPGPP_LT/Models/Props/rpgpp_lt_log_wood_01.fbx
  artifactKey: Guid(83ca3216726525148a325296526fcfa7) Importer(815301076,1909f56bfc062723c751e8b465ee728b)
Start importing Assets/RPGPP_LT/Models/Props/rpgpp_lt_log_wood_01.fbx using Guid(83ca3216726525148a325296526fcfa7) Importer(815301076,1909f56bfc062723c751e8b465ee728b)  -> (artifact id: 'cff0ac0046a30d696686bba25bec8840') in 0.025824 seconds 
========================================================================
Received Import Request.
  Time since last request: 0.000031 seconds.
  path: Assets/RPGPP_LT/Models/Props/rpgpp_lt_bench_wood_01.fbx
  artifactKey: Guid(6bc5a23d8cb251f40b96a1fbf4ddb4fc) Importer(815301076,1909f56bfc062723c751e8b465ee728b)
Start importing Assets/RPGPP_LT/Models/Props/rpgpp_lt_bench_wood_01.fbx using Guid(6bc5a23d8cb251f40b96a1fbf4ddb4fc) Importer(815301076,1909f56bfc062723c751e8b465ee728b)  -> (artifact id: '17f52c31c3b4ebcc193827112330f6dd') in 0.028005 seconds 
========================================================================
Received Import Request.
  Time since last request: 0.000026 seconds.
  path: Assets/RPGPP_LT/Models/Props/rpgpp_lt_trough_01.fbx
  artifactKey: Guid(8b3f67c33dd9e9c4ea594b19207b4fbe) Importer(815301076,1909f56bfc062723c751e8b465ee728b)
Start importing Assets/RPGPP_LT/Models/Props/rpgpp_lt_trough_01.fbx using Guid(8b3f67c33dd9e9c4ea594b19207b4fbe) Importer(815301076,1909f56bfc062723c751e8b465ee728b)  -> (artifact id: '99f8c2a9a41253bccc8af11e369b6312') in 0.026331 seconds 
========================================================================
Received Import Request.
  Time since last request: 0.000058 seconds.
  path: Assets/RPGPP_LT/Models/Props/rpgpp_lt_table_01.fbx
  artifactKey: Guid(16c4b1c9bf28bc44eab122106a0e4864) Importer(815301076,1909f56bfc062723c751e8b465ee728b)
Start importing Assets/RPGPP_LT/Models/Props/rpgpp_lt_table_01.fbx using Guid(16c4b1c9bf28bc44eab122106a0e4864) Importer(815301076,1909f56bfc062723c751e8b465ee728b)  -> (artifact id: '3c1ad0180b7cb430edc72acac14df17c') in 0.028988 seconds 
========================================================================
Received Import Request.
  Time since last request: 0.000019 seconds.
  path: Assets/RPGPP_LT/Models/Props/rpgpp_lt_hanger_wood_01.fbx
  artifactKey: Guid(dc53ddfef4a2d414f83c0332e80bfbb6) Importer(815301076,1909f56bfc062723c751e8b465ee728b)
Start importing Assets/RPGPP_LT/Models/Props/rpgpp_lt_hanger_wood_01.fbx using Guid(dc53ddfef4a2d414f83c0332e80bfbb6) Importer(815301076,1909f56bfc062723c751e8b465ee728b)  -> (artifact id: '4f20e1ea70e7cff203de651ab7c12823') in 0.028209 seconds 
========================================================================
Received Import Request.
  Time since last request: 0.000034 seconds.
  path: Assets/RPGPP_LT/Models/Props/rpgpp_lt_sack_01.fbx
  artifactKey: Guid(8f07894e139232f4fb48b79133ad05fa) Importer(815301076,1909f56bfc062723c751e8b465ee728b)
Start importing Assets/RPGPP_LT/Models/Props/rpgpp_lt_sack_01.fbx using Guid(8f07894e139232f4fb48b79133ad05fa) Importer(815301076,1909f56bfc062723c751e8b465ee728b)  -> (artifact id: '7137229006b35e9e0492b0a47761c563') in 0.026410 seconds 
========================================================================
Received Import Request.
  Time since last request: 0.000021 seconds.
  path: Assets/RPGPP_LT/Models/Props/rpgpp_lt_bucket_01.fbx
  artifactKey: Guid(e978333221b12f44ba9099ca8d181f25) Importer(815301076,1909f56bfc062723c751e8b465ee728b)
Start importing Assets/RPGPP_LT/Models/Props/rpgpp_lt_bucket_01.fbx using Guid(e978333221b12f44ba9099ca8d181f25) Importer(815301076,1909f56bfc062723c751e8b465ee728b)  -> (artifact id: '49eeccc5abdf2db4615d957405079bf5') in 0.029056 seconds 
========================================================================
Received Import Request.
  Time since last request: 0.000023 seconds.
  path: Assets/RPGPP_LT/Models/Props/rpgpp_lt_sack_open_01.fbx
  artifactKey: Guid(1716e599fb056014ca8f5786b3a82fcf) Importer(815301076,1909f56bfc062723c751e8b465ee728b)
Start importing Assets/RPGPP_LT/Models/Props/rpgpp_lt_sack_open_01.fbx using Guid(1716e599fb056014ca8f5786b3a82fcf) Importer(815301076,1909f56bfc062723c751e8b465ee728b)  -> (artifact id: 'ce477086745208104efb13dcd241306f') in 0.027445 seconds 
========================================================================
Received Import Request.
  Time since last request: 0.000022 seconds.
  path: Assets/RPGPP_LT/Models/Props/rpgpp_lt_package_01.fbx
  artifactKey: Guid(4a9eb490516647a4d8765165bfb9cf47) Importer(815301076,1909f56bfc062723c751e8b465ee728b)
Start importing Assets/RPGPP_LT/Models/Props/rpgpp_lt_package_01.fbx using Guid(4a9eb490516647a4d8765165bfb9cf47) Importer(815301076,1909f56bfc062723c751e8b465ee728b)  -> (artifact id: 'ca3cb532bc3219dcd1e03085ef17dbbf') in 0.027557 seconds 
========================================================================
Received Import Request.
  Time since last request: 0.000030 seconds.
  path: Assets/RPGPP_LT/Models/Props/rpgpp_lt_vase_02.fbx
  artifactKey: Guid(65a171ea06543b04fa7aa086cd66702d) Importer(815301076,1909f56bfc062723c751e8b465ee728b)
Start importing Assets/RPGPP_LT/Models/Props/rpgpp_lt_vase_02.fbx using Guid(65a171ea06543b04fa7aa086cd66702d) Importer(815301076,1909f56bfc062723c751e8b465ee728b)  -> (artifact id: 'dc6a1bbbad6e1bfe07def0c0c4c5fcb7') in 0.029053 seconds 
========================================================================
Received Import Request.
  Time since last request: 0.000057 seconds.
  path: Assets/RPGPP_LT/Models/Props/rpgpp_lt_chair_01b.fbx
  artifactKey: Guid(c23d7dd34e2d29a42bf0998f5f20de59) Importer(815301076,1909f56bfc062723c751e8b465ee728b)
Start importing Assets/RPGPP_LT/Models/Props/rpgpp_lt_chair_01b.fbx using Guid(c23d7dd34e2d29a42bf0998f5f20de59) Importer(815301076,1909f56bfc062723c751e8b465ee728b)  -> (artifact id: '76cf111310a3b2636edb9907902940c4') in 0.030010 seconds 
========================================================================
Received Import Request.
  Time since last request: 0.000028 seconds.
  path: Assets/RPGPP_LT/Models/Props/rpgpp_lt_wood_path_01a.fbx
  artifactKey: Guid(d4d6eed92fb93e948b95c2fc4d1f6f8d) Importer(815301076,1909f56bfc062723c751e8b465ee728b)
Start importing Assets/RPGPP_LT/Models/Props/rpgpp_lt_wood_path_01a.fbx using Guid(d4d6eed92fb93e948b95c2fc4d1f6f8d) Importer(815301076,1909f56bfc062723c751e8b465ee728b)  -> (artifact id: '8e51e6af62bcff745aaf44cdbea095b5') in 0.022402 seconds 
========================================================================
Received Import Request.
  Time since last request: 0.764596 seconds.
  path: Assets/RPGPP_LT/Models/Structures
  artifactKey: Guid(048df2a8bd38ba042971bbb442e597ba) Importer(815301076,1909f56bfc062723c751e8b465ee728b)
Start importing Assets/RPGPP_LT/Models/Structures using Guid(048df2a8bd38ba042971bbb442e597ba) Importer(815301076,1909f56bfc062723c751e8b465ee728b)  -> (artifact id: '768581c963a1b00bd5071dab9f8a7ef0') in 0.012065 seconds 
========================================================================
Received Import Request.
  Time since last request: 0.025971 seconds.
  path: Assets/RPGPP_LT/Models/Structures/rpgpp_lt_building_01.fbx
  artifactKey: Guid(af5390e2a0373984db3740f21c0ec034) Importer(815301076,1909f56bfc062723c751e8b465ee728b)
Start importing Assets/RPGPP_LT/Models/Structures/rpgpp_lt_building_01.fbx using Guid(af5390e2a0373984db3740f21c0ec034) Importer(815301076,1909f56bfc062723c751e8b465ee728b)  -> (artifact id: 'bb01c6a9c58368af97b68417e8d2dc85') in 0.029891 seconds 
========================================================================
Received Import Request.
  Time since last request: 0.000025 seconds.
  path: Assets/RPGPP_LT/Models/Structures/rpgpp_lt_building_04.fbx
  artifactKey: Guid(cc4034e4bb7d9cd418975561c7bcd316) Importer(815301076,1909f56bfc062723c751e8b465ee728b)
Start importing Assets/RPGPP_LT/Models/Structures/rpgpp_lt_building_04.fbx using Guid(cc4034e4bb7d9cd418975561c7bcd316) Importer(815301076,1909f56bfc062723c751e8b465ee728b)  -> (artifact id: '0e658ca1301a0676e3ecebbd4442cb4d') in 0.047358 seconds 
========================================================================
Received Import Request.
  Time since last request: 0.000042 seconds.
  path: Assets/RPGPP_LT/Models/Structures/rpgpp_lt_building_05.fbx
  artifactKey: Guid(7d1c542ac0453aa40a248ffb042193c2) Importer(815301076,1909f56bfc062723c751e8b465ee728b)
Start importing Assets/RPGPP_LT/Models/Structures/rpgpp_lt_building_05.fbx using Guid(7d1c542ac0453aa40a248ffb042193c2) Importer(815301076,1909f56bfc062723c751e8b465ee728b)  -> (artifact id: 'fa068f312a19f0438b105ccc4d941b45') in 0.041338 seconds 
========================================================================
Received Import Request.
  Time since last request: 2.392499 seconds.
  path: Assets/RPGPP_LT/FirstPersonController/CircleReticle.png
  artifactKey: Guid(07aa28f90eb072642ba1e05984da1435) Importer(815301076,1909f56bfc062723c751e8b465ee728b)
Start importing Assets/RPGPP_LT/FirstPersonController/CircleReticle.png using Guid(07aa28f90eb072642ba1e05984da1435) Importer(815301076,1909f56bfc062723c751e8b465ee728b)  -> (artifact id: 'bb254c17fe89a7ce176afe8ceae8e768') in 0.014275 seconds 
========================================================================
Received Import Request.
  Time since last request: 4.296260 seconds.
  path: Assets/RPGPP_LT/Textures
  artifactKey: Guid(e060e741575ec9349a2e1b72ede6218c) Importer(815301076,1909f56bfc062723c751e8b465ee728b)
Start importing Assets/RPGPP_LT/Textures using Guid(e060e741575ec9349a2e1b72ede6218c) Importer(815301076,1909f56bfc062723c751e8b465ee728b)  -> (artifact id: '7d8916623af28c1a38f78a19a885af08') in 0.013704 seconds 
========================================================================
Received Import Request.
  Time since last request: 1.792543 seconds.
  path: Assets/RPGPP_LT/Scene
  artifactKey: Guid(807cf4ac218a00345b44c9bd6cc3bf99) Importer(815301076,1909f56bfc062723c751e8b465ee728b)
Start importing Assets/RPGPP_LT/Scene using Guid(807cf4ac218a00345b44c9bd6cc3bf99) Importer(815301076,1909f56bfc062723c751e8b465ee728b)  -> (artifact id: 'b74c28a16f76ecf83a6f03df265174c4') in 0.012775 seconds 
========================================================================
Received Import Request.
  Time since last request: 3.064657 seconds.
  path: Assets/RPGPP_LT/Scene/rpgpp_lt_scene_1.0.unity
  artifactKey: Guid(d2809ab9b90eea7419d8d90d4c505d35) Importer(815301076,1909f56bfc062723c751e8b465ee728b)
Start importing Assets/RPGPP_LT/Scene/rpgpp_lt_scene_1.0.unity using Guid(d2809ab9b90eea7419d8d90d4c505d35) Importer(815301076,1909f56bfc062723c751e8b465ee728b)  -> (artifact id: '0aa417e8b75dd765ebd2c599440ec421') in 0.003483 seconds 
